<?xml version="1.0" encoding="UTF-8"?>
<!-- Generated by org.testng.reporters.JUnitReportReporter -->
<testsuite skipped="0" hostname="akshay" name="CrmAutomation.CrmTest.AccountPageTest" tests="2" failures="0" timestamp="13 Jul 2022 14:03:48 GMT" time="37.014" errors="0">
  <testcase name="AccountVerifyAndSelect" time="2.429" classname="CrmAutomation.CrmTest.AccountPageTest"/>
  <testcase name="verifyOuterHeadInnerHead" time="34.585" classname="CrmAutomation.CrmTest.AccountPageTest"/>
</testsuite> <!-- CrmAutomation.CrmTest.AccountPageTest -->
