<?xml version="1.0" encoding="UTF-8"?>
<!-- Generated by org.testng.reporters.JUnitReportReporter -->
<testsuite skipped="0" hostname="akshay" name="CrmAutomation.CrmTest.HomePageTest" tests="2" failures="0" timestamp="11 Jul 2022 16:00:33 GMT" time="19.081" errors="0">
  <testcase name="titleVerify" time="8.684" classname="CrmAutomation.CrmTest.HomePageTest"/>
  <testcase name="personTab" time="10.397" classname="CrmAutomation.CrmTest.HomePageTest"/>
</testsuite> <!-- CrmAutomation.CrmTest.HomePageTest -->
