<?xml version="1.0" encoding="UTF-8"?>
<!-- Generated by org.testng.reporters.JUnitReportReporter -->
<testsuite skipped="0" hostname="akshay" name="CrmAutomation.CrmTest.LoginPageTest" tests="1" failures="0" timestamp="12 Jul 2022 07:25:18 GMT" time="11.416" errors="0">
  <testcase name="loginAndAddPerson" time="11.416" classname="CrmAutomation.CrmTest.LoginPageTest"/>
</testsuite> <!-- CrmAutomation.CrmTest.LoginPageTest -->
